imagehelper/build/intermediates/manifest_merge_blame_file/debug/manifest-merger-blame-debug-report.txt
1<?xml version="1.0" encoding="utf-8"?>
2<manifest xmlns:android="http://schemas.android.com/apk/res/android"
3    package="io.haruharu.imagehelper"
4    android:versionCode="1"
5    android:versionName="1.0" >
6
7    <uses-sdk
8        android:minSdkVersion="21"
8-->src/main/AndroidManifest.xml
9        android:targetSdkVersion="29" />
9-->src/main/AndroidManifest.xml
10
11    <application>
11-->src/main/AndroidManifest.xml:5:2-11:16
12        <activity
12-->src/main/AndroidManifest.xml:7:3-9:47
13            android:name="io.haruharu.imagehelper.viewer.ImageViewerLayout"
13-->src/main/AndroidManifest.xml:8:4-44
14            android:theme="@style/Theme.TransStatus" />
14-->src/main/AndroidManifest.xml:9:4-44
15    </application>
16
17</manifest>